#:C0     
#Xilinx FPGA Editor Command Log File
#Editor Version:
#:V   NT M2.1 P.28xd
#Current Working Directory:
#:D   E:\homework\VGA
#Date/Time:
#:T   Sat Jun 06 16:11:07 2015
#------------------------------
	#Reading vga_top.ncd...
	#Loading device for application Rf_Device from file '3s1500.nph' in environment D:\Xilinx\14.2\ISE_DS\ISE\.
	#   "vga_top" is an NCD, version 3.2, device xc3s1500, package fg320, speed -5
	#Design creation date: 2015.06.06.08.06.36
	#Building chip graphics...
	#Loading speed info...
	#1
setattr main edit-mode no-logic-changes
	#2
unselect -all
	#3
select site 'SLICE_X69Y56'
	#site "SLICE_X69Y56",  type = SLICEL  (RPM grid X105Y118)
