Release 14.2 - xst P.28xd (nt64)
Copyright (c) 1995-2012 Xilinx, Inc.  All rights reserved.
--> Parameter TMPDIR set to xst/projnav.tmp


Total REAL time to Xst completion: 0.00 secs
Total CPU time to Xst completion: 0.09 secs
 
--> Parameter xsthdpdir set to xst


Total REAL time to Xst completion: 0.00 secs
Total CPU time to Xst completion: 0.09 secs
 
--> Reading design: vga_top.prj

TABLE OF CONTENTS
  1) Synthesis Options Summary
  2) HDL Compilation
  3) Design Hierarchy Analysis
  4) HDL Analysis
  5) HDL Synthesis
     5.1) HDL Synthesis Report
  6) Advanced HDL Synthesis
     6.1) Advanced HDL Synthesis Report
  7) Low Level Synthesis
  8) Partition Report
  9) Final Report
	9.1) Device utilization summary
	9.2) Partition Resource Summary
	9.3) TIMING REPORT


=========================================================================
*                      Synthesis Options Summary                        *
=========================================================================
---- Source Parameters
Input File Name                    : "vga_top.prj"
Input Format                       : mixed
Ignore Synthesis Constraint File   : NO

---- Target Parameters
Output File Name                   : "vga_top"
Output Format                      : NGC
Target Device                      : xc3s1500-5-fg320

---- Source Options
Top Module Name                    : vga_top
Automatic FSM Extraction           : YES
FSM Encoding Algorithm             : Auto
Safe Implementation                : No
FSM Style                          : LUT
RAM Extraction                     : Yes
RAM Style                          : Auto
ROM Extraction                     : Yes
Mux Style                          : Auto
Decoder Extraction                 : YES
Priority Encoder Extraction        : Yes
Shift Register Extraction          : YES
Logical Shifter Extraction         : YES
XOR Collapsing                     : YES
ROM Style                          : Auto
Mux Extraction                     : Yes
Resource Sharing                   : YES
Asynchronous To Synchronous        : NO
Multiplier Style                   : Auto
Automatic Register Balancing       : No

---- Target Options
Add IO Buffers                     : YES
Global Maximum Fanout              : 100000
Add Generic Clock Buffer(BUFG)     : 8
Register Duplication               : YES
Slice Packing                      : YES
Optimize Instantiated Primitives   : NO
Use Clock Enable                   : Yes
Use Synchronous Set                : Yes
Use Synchronous Reset              : Yes
Pack IO Registers into IOBs        : Auto
Equivalent register Removal        : YES

---- General Options
Optimization Goal                  : Speed
Optimization Effort                : 1
Keep Hierarchy                     : No
Netlist Hierarchy                  : As_Optimized
RTL Output                         : Yes
Global Optimization                : AllClockNets
Read Cores                         : YES
Write Timing Constraints           : NO
Cross Clock Analysis               : NO
Hierarchy Separator                : /
Bus Delimiter                      : <>
Case Specifier                     : Maintain
Slice Utilization Ratio            : 100
BRAM Utilization Ratio             : 100
Verilog 2001                       : YES
Auto BRAM Packing                  : NO
Slice Utilization Ratio Delta      : 5

---- Other Options
Cores Search Directories           : {"ipcore_dir"  }

=========================================================================


=========================================================================
*                          HDL Compilation                              *
=========================================================================
Compiling verilog file "src/vga_controller.v" in library work
Compiling verilog file "ipcore_dir/vga_rom.v" in library work
Module <vga_controller> compiled
Compiling verilog file "vga_dcm.v" in library work
Module <vga_rom> compiled
Compiling verilog file "vga_top.vf" in library work
Module <vga_dcm> compiled
Module <vga_top> compiled
No errors in compilation
Analysis of file <"vga_top.prj"> succeeded.
 

=========================================================================
*                     Design Hierarchy Analysis                         *
=========================================================================
Analyzing hierarchy for module <vga_top> in library <work>.

Analyzing hierarchy for module <vga_controller> in library <work> with parameters.
	FramePeriod = "1010011010"
	H_ActivePix = "1100100000"
	H_BackEdge = "0001000000"
	H_BlankPeriod = "0010111000"
	H_EndActive = "001111011000"
	H_FrontEdge = "0000111000"
	H_SyncPulse = "0001111000"
	LinePeriod = "010000010000"
	V_ActiveLine = "1001011000"
	V_BackEdge = "0000010111"
	V_BlankPeriod = "0000011101"
	V_EndActive = "1001110101"
	V_FrontEdge = "0000100101"
	V_SyncPulse = "0000000110"

Analyzing hierarchy for module <vga_dcm> in library <work>.


=========================================================================
*                            HDL Analysis                               *
=========================================================================
Analyzing top module <vga_top>.
WARNING:Xst:2211 - "ipcore_dir/vga_rom.v" line 59: Instantiating black box module <vga_rom>.
Module <vga_top> is correct for synthesis.
 
Analyzing module <vga_controller> in library <work>.
	FramePeriod = 10'b1010011010
	H_ActivePix = 10'b1100100000
	H_BackEdge = 10'b0001000000
	H_BlankPeriod = 10'b0010111000
	H_EndActive = 12'b001111011000
	H_FrontEdge = 10'b0000111000
	H_SyncPulse = 10'b0001111000
	LinePeriod = 12'b010000010000
	V_ActiveLine = 10'b1001011000
	V_BackEdge = 10'b0000010111
	V_BlankPeriod = 10'b0000011101
	V_EndActive = 10'b1001110101
	V_FrontEdge = 10'b0000100101
	V_SyncPulse = 10'b0000000110
Module <vga_controller> is correct for synthesis.
 
Analyzing module <vga_dcm> in library <work>.
Module <vga_dcm> is correct for synthesis.
 
    Set user-defined property "CAPACITANCE =  DONT_CARE" for instance <CLKIN_IBUFG_INST> in unit <vga_dcm>.
    Set user-defined property "IBUF_DELAY_VALUE =  0" for instance <CLKIN_IBUFG_INST> in unit <vga_dcm>.
    Set user-defined property "IBUF_LOW_PWR =  TRUE" for instance <CLKIN_IBUFG_INST> in unit <vga_dcm>.
    Set user-defined property "IOSTANDARD =  DEFAULT" for instance <CLKIN_IBUFG_INST> in unit <vga_dcm>.
    Set user-defined property "CLKDV_DIVIDE =  2.000000" for instance <DCM_INST> in unit <vga_dcm>.
    Set user-defined property "CLKFX_DIVIDE =  1" for instance <DCM_INST> in unit <vga_dcm>.
    Set user-defined property "CLKFX_MULTIPLY =  4" for instance <DCM_INST> in unit <vga_dcm>.
    Set user-defined property "CLKIN_DIVIDE_BY_2 =  FALSE" for instance <DCM_INST> in unit <vga_dcm>.
    Set user-defined property "CLKIN_PERIOD =  20.000000" for instance <DCM_INST> in unit <vga_dcm>.
    Set user-defined property "CLKOUT_PHASE_SHIFT =  NONE" for instance <DCM_INST> in unit <vga_dcm>.
    Set user-defined property "CLK_FEEDBACK =  1X" for instance <DCM_INST> in unit <vga_dcm>.
    Set user-defined property "DESKEW_ADJUST =  SYSTEM_SYNCHRONOUS" for instance <DCM_INST> in unit <vga_dcm>.
    Set user-defined property "DFS_FREQUENCY_MODE =  LOW" for instance <DCM_INST> in unit <vga_dcm>.
    Set user-defined property "DLL_FREQUENCY_MODE =  LOW" for instance <DCM_INST> in unit <vga_dcm>.
    Set user-defined property "DSS_MODE =  NONE" for instance <DCM_INST> in unit <vga_dcm>.
    Set user-defined property "DUTY_CYCLE_CORRECTION =  TRUE" for instance <DCM_INST> in unit <vga_dcm>.
    Set user-defined property "FACTORY_JF =  8080" for instance <DCM_INST> in unit <vga_dcm>.
    Set user-defined property "PHASE_SHIFT =  0" for instance <DCM_INST> in unit <vga_dcm>.
    Set user-defined property "SIM_MODE =  SAFE" for instance <DCM_INST> in unit <vga_dcm>.
    Set user-defined property "STARTUP_WAIT =  FALSE" for instance <DCM_INST> in unit <vga_dcm>.

=========================================================================
*                           HDL Synthesis                               *
=========================================================================

Performing bidirectional port resolution...

Synthesizing Unit <vga_controller>.
    Related source file is "src/vga_controller.v".
    Found 14-bit register for signal <addr>.
    Found 1-bit register for signal <vsync>.
    Found 1-bit register for signal <hsync>.
    Found 14-bit adder for signal <addr$add0000> created at line 98.
    Found 10-bit comparator greatequal for signal <addr$cmp_ge0000> created at line 97.
    Found 10-bit comparator greatequal for signal <addr$cmp_ge0001> created at line 97.
    Found 10-bit comparator lessequal for signal <addr$cmp_le0000> created at line 97.
    Found 10-bit comparator lessequal for signal <addr$cmp_le0001> created at line 97.
    Found 11-bit subtractor for signal <addr$sub0000> created at line 98.
    Found 12-bit subtractor for signal <addr$sub0001> created at line 98.
    Found 11-bit comparator greatequal for signal <valid$cmp_ge0000> created at line 84.
    Found 11-bit comparator greatequal for signal <valid$cmp_ge0001> created at line 84.
    Found 11-bit comparator lessequal for signal <valid$cmp_le0000> created at line 84.
    Found 11-bit comparator lessequal for signal <valid$cmp_le0001> created at line 84.
    Found 11-bit up counter for signal <x_cnt>.
    Found 10-bit subtractor for signal <xpos>.
    Found 11-bit up counter for signal <y_cnt>.
    Found 10-bit subtractor for signal <ypos>.
    Summary:
	inferred   2 Counter(s).
	inferred  16 D-type flip-flop(s).
	inferred   5 Adder/Subtractor(s).
	inferred   8 Comparator(s).
Unit <vga_controller> synthesized.


Synthesizing Unit <vga_dcm>.
    Related source file is "vga_dcm.v".
Unit <vga_dcm> synthesized.


Synthesizing Unit <vga_top>.
    Related source file is "vga_top.vf".
Unit <vga_top> synthesized.


=========================================================================
HDL Synthesis Report

Macro Statistics
# Adders/Subtractors                                   : 5
 10-bit subtractor                                     : 2
 11-bit subtractor                                     : 1
 12-bit subtractor                                     : 1
 14-bit adder                                          : 1
# Counters                                             : 2
 11-bit up counter                                     : 2
# Registers                                            : 3
 1-bit register                                        : 2
 14-bit register                                       : 1
# Comparators                                          : 8
 10-bit comparator greatequal                          : 2
 10-bit comparator lessequal                           : 2
 11-bit comparator greatequal                          : 2
 11-bit comparator lessequal                           : 2

=========================================================================

=========================================================================
*                       Advanced HDL Synthesis                          *
=========================================================================

Reading core <ipcore_dir/vga_rom.ngc>.
Loading core <vga_rom> for timing and area information for instance <XLXI_3>.

=========================================================================
Advanced HDL Synthesis Report

Macro Statistics
# Adders/Subtractors                                   : 5
 10-bit subtractor                                     : 2
 12-bit subtractor                                     : 1
 14-bit adder                                          : 1
 7-bit subtractor                                      : 1
# Counters                                             : 2
 11-bit up counter                                     : 2
# Registers                                            : 16
 Flip-Flops                                            : 16
# Comparators                                          : 8
 10-bit comparator greatequal                          : 2
 10-bit comparator lessequal                           : 2
 11-bit comparator greatequal                          : 2
 11-bit comparator lessequal                           : 2

=========================================================================

=========================================================================
*                         Low Level Synthesis                           *
=========================================================================
INFO:Xst:1901 - Instance U0/xst_blk_mem_generator/gnativebmg.native_blk_mem_gen/valid.cstr/ramloop[21].ram.r/s3_init.ram/dpram.dp9x9.ram in unit U0/xst_blk_mem_generator/gnativebmg.native_blk_mem_gen/valid.cstr/ramloop[21].ram.r/s3_init.ram/dpram.dp9x9.ram of type RAMB16_S9_S9 has been replaced by RAMB16
INFO:Xst:1901 - Instance U0/xst_blk_mem_generator/gnativebmg.native_blk_mem_gen/valid.cstr/ramloop[20].ram.r/s3_init.ram/dpram.dp9x9.ram in unit U0/xst_blk_mem_generator/gnativebmg.native_blk_mem_gen/valid.cstr/ramloop[20].ram.r/s3_init.ram/dpram.dp9x9.ram of type RAMB16_S9_S9 has been replaced by RAMB16
INFO:Xst:1901 - Instance U0/xst_blk_mem_generator/gnativebmg.native_blk_mem_gen/valid.cstr/ramloop[19].ram.r/s3_init.ram/dpram.dp9x9.ram in unit U0/xst_blk_mem_generator/gnativebmg.native_blk_mem_gen/valid.cstr/ramloop[19].ram.r/s3_init.ram/dpram.dp9x9.ram of type RAMB16_S9_S9 has been replaced by RAMB16
INFO:Xst:1901 - Instance U0/xst_blk_mem_generator/gnativebmg.native_blk_mem_gen/valid.cstr/ramloop[18].ram.r/s3_init.ram/dpram.dp9x9.ram in unit U0/xst_blk_mem_generator/gnativebmg.native_blk_mem_gen/valid.cstr/ramloop[18].ram.r/s3_init.ram/dpram.dp9x9.ram of type RAMB16_S9_S9 has been replaced by RAMB16
INFO:Xst:1901 - Instance U0/xst_blk_mem_generator/gnativebmg.native_blk_mem_gen/valid.cstr/ramloop[17].ram.r/s3_init.ram/dpram.dp9x9.ram in unit U0/xst_blk_mem_generator/gnativebmg.native_blk_mem_gen/valid.cstr/ramloop[17].ram.r/s3_init.ram/dpram.dp9x9.ram of type RAMB16_S9_S9 has been replaced by RAMB16
INFO:Xst:1901 - Instance U0/xst_blk_mem_generator/gnativebmg.native_blk_mem_gen/valid.cstr/ramloop[16].ram.r/s3_init.ram/dpram.dp9x9.ram in unit U0/xst_blk_mem_generator/gnativebmg.native_blk_mem_gen/valid.cstr/ramloop[16].ram.r/s3_init.ram/dpram.dp9x9.ram of type RAMB16_S9_S9 has been replaced by RAMB16
INFO:Xst:1901 - Instance U0/xst_blk_mem_generator/gnativebmg.native_blk_mem_gen/valid.cstr/ramloop[15].ram.r/s3_init.ram/dpram.dp9x9.ram in unit U0/xst_blk_mem_generator/gnativebmg.native_blk_mem_gen/valid.cstr/ramloop[15].ram.r/s3_init.ram/dpram.dp9x9.ram of type RAMB16_S9_S9 has been replaced by RAMB16
INFO:Xst:1901 - Instance U0/xst_blk_mem_generator/gnativebmg.native_blk_mem_gen/valid.cstr/ramloop[14].ram.r/s3_init.ram/dpram.dp9x9.ram in unit U0/xst_blk_mem_generator/gnativebmg.native_blk_mem_gen/valid.cstr/ramloop[14].ram.r/s3_init.ram/dpram.dp9x9.ram of type RAMB16_S9_S9 has been replaced by RAMB16
INFO:Xst:1901 - Instance U0/xst_blk_mem_generator/gnativebmg.native_blk_mem_gen/valid.cstr/ramloop[13].ram.r/s3_init.ram/dpram.dp9x9.ram in unit U0/xst_blk_mem_generator/gnativebmg.native_blk_mem_gen/valid.cstr/ramloop[13].ram.r/s3_init.ram/dpram.dp9x9.ram of type RAMB16_S9_S9 has been replaced by RAMB16
INFO:Xst:1901 - Instance U0/xst_blk_mem_generator/gnativebmg.native_blk_mem_gen/valid.cstr/ramloop[12].ram.r/s3_init.ram/dpram.dp9x9.ram in unit U0/xst_blk_mem_generator/gnativebmg.native_blk_mem_gen/valid.cstr/ramloop[12].ram.r/s3_init.ram/dpram.dp9x9.ram of type RAMB16_S9_S9 has been replaced by RAMB16
INFO:Xst:1901 - Instance U0/xst_blk_mem_generator/gnativebmg.native_blk_mem_gen/valid.cstr/ramloop[11].ram.r/s3_init.ram/dpram.dp9x9.ram in unit U0/xst_blk_mem_generator/gnativebmg.native_blk_mem_gen/valid.cstr/ramloop[11].ram.r/s3_init.ram/dpram.dp9x9.ram of type RAMB16_S9_S9 has been replaced by RAMB16
INFO:Xst:1901 - Instance U0/xst_blk_mem_generator/gnativebmg.native_blk_mem_gen/valid.cstr/ramloop[10].ram.r/s3_init.ram/dpram.dp9x9.ram in unit U0/xst_blk_mem_generator/gnativebmg.native_blk_mem_gen/valid.cstr/ramloop[10].ram.r/s3_init.ram/dpram.dp9x9.ram of type RAMB16_S9_S9 has been replaced by RAMB16
INFO:Xst:1901 - Instance U0/xst_blk_mem_generator/gnativebmg.native_blk_mem_gen/valid.cstr/ramloop[9].ram.r/s3_init.ram/dpram.dp9x9.ram in unit U0/xst_blk_mem_generator/gnativebmg.native_blk_mem_gen/valid.cstr/ramloop[9].ram.r/s3_init.ram/dpram.dp9x9.ram of type RAMB16_S9_S9 has been replaced by RAMB16
INFO:Xst:1901 - Instance U0/xst_blk_mem_generator/gnativebmg.native_blk_mem_gen/valid.cstr/ramloop[8].ram.r/s3_init.ram/dpram.dp9x9.ram in unit U0/xst_blk_mem_generator/gnativebmg.native_blk_mem_gen/valid.cstr/ramloop[8].ram.r/s3_init.ram/dpram.dp9x9.ram of type RAMB16_S9_S9 has been replaced by RAMB16
INFO:Xst:1901 - Instance U0/xst_blk_mem_generator/gnativebmg.native_blk_mem_gen/valid.cstr/ramloop[7].ram.r/s3_init.ram/dpram.dp9x9.ram in unit U0/xst_blk_mem_generator/gnativebmg.native_blk_mem_gen/valid.cstr/ramloop[7].ram.r/s3_init.ram/dpram.dp9x9.ram of type RAMB16_S9_S9 has been replaced by RAMB16
INFO:Xst:1901 - Instance U0/xst_blk_mem_generator/gnativebmg.native_blk_mem_gen/valid.cstr/ramloop[6].ram.r/s3_init.ram/dpram.dp9x9.ram in unit U0/xst_blk_mem_generator/gnativebmg.native_blk_mem_gen/valid.cstr/ramloop[6].ram.r/s3_init.ram/dpram.dp9x9.ram of type RAMB16_S9_S9 has been replaced by RAMB16
INFO:Xst:1901 - Instance U0/xst_blk_mem_generator/gnativebmg.native_blk_mem_gen/valid.cstr/ramloop[5].ram.r/s3_init.ram/dpram.dp1x1.ram in unit U0/xst_blk_mem_generator/gnativebmg.native_blk_mem_gen/valid.cstr/ramloop[5].ram.r/s3_init.ram/dpram.dp1x1.ram of type RAMB16_S1_S1 has been replaced by RAMB16
INFO:Xst:1901 - Instance U0/xst_blk_mem_generator/gnativebmg.native_blk_mem_gen/valid.cstr/ramloop[4].ram.r/s3_init.ram/dpram.dp1x1.ram in unit U0/xst_blk_mem_generator/gnativebmg.native_blk_mem_gen/valid.cstr/ramloop[4].ram.r/s3_init.ram/dpram.dp1x1.ram of type RAMB16_S1_S1 has been replaced by RAMB16
INFO:Xst:1901 - Instance U0/xst_blk_mem_generator/gnativebmg.native_blk_mem_gen/valid.cstr/ramloop[3].ram.r/s3_init.ram/dpram.dp1x1.ram in unit U0/xst_blk_mem_generator/gnativebmg.native_blk_mem_gen/valid.cstr/ramloop[3].ram.r/s3_init.ram/dpram.dp1x1.ram of type RAMB16_S1_S1 has been replaced by RAMB16
INFO:Xst:1901 - Instance U0/xst_blk_mem_generator/gnativebmg.native_blk_mem_gen/valid.cstr/ramloop[2].ram.r/s3_init.ram/dpram.dp1x1.ram in unit U0/xst_blk_mem_generator/gnativebmg.native_blk_mem_gen/valid.cstr/ramloop[2].ram.r/s3_init.ram/dpram.dp1x1.ram of type RAMB16_S1_S1 has been replaced by RAMB16
INFO:Xst:1901 - Instance U0/xst_blk_mem_generator/gnativebmg.native_blk_mem_gen/valid.cstr/ramloop[1].ram.r/s3_init.ram/dpram.dp1x1.ram in unit U0/xst_blk_mem_generator/gnativebmg.native_blk_mem_gen/valid.cstr/ramloop[1].ram.r/s3_init.ram/dpram.dp1x1.ram of type RAMB16_S1_S1 has been replaced by RAMB16
INFO:Xst:1901 - Instance U0/xst_blk_mem_generator/gnativebmg.native_blk_mem_gen/valid.cstr/ramloop[0].ram.r/s3_init.ram/dpram.dp1x1.ram in unit U0/xst_blk_mem_generator/gnativebmg.native_blk_mem_gen/valid.cstr/ramloop[0].ram.r/s3_init.ram/dpram.dp1x1.ram of type RAMB16_S1_S1 has been replaced by RAMB16

Optimizing unit <vga_top> ...

Optimizing unit <vga_controller> ...

Mapping all equations...
Building and optimizing final netlist ...
Found area constraint ratio of 100 (+ 5) on block vga_top, actual ratio is 0.

Final Macro Processing ...

=========================================================================
Final Register Report

Macro Statistics
# Registers                                            : 38
 Flip-Flops                                            : 38

=========================================================================

=========================================================================
*                           Partition Report                            *
=========================================================================

Partition Implementation Status
-------------------------------

  No Partitions were found in this design.

-------------------------------

=========================================================================
*                            Final Report                               *
=========================================================================
Final Results
RTL Top Level Output File Name     : vga_top.ngr
Top Level Output File Name         : vga_top
Output Format                      : NGC
Optimization Goal                  : Speed
Keep Hierarchy                     : No

Design Statistics
# IOs                              : 29

Cell Usage :
# BELS                             : 371
#      GND                         : 24
#      INV                         : 8
#      LUT1                        : 21
#      LUT2                        : 34
#      LUT2_D                      : 1
#      LUT3                        : 96
#      LUT3_D                      : 3
#      LUT3_L                      : 2
#      LUT4                        : 53
#      LUT4_D                      : 3
#      LUT4_L                      : 5
#      MUXCY                       : 36
#      MUXF5                       : 36
#      MUXF6                       : 18
#      VCC                         : 2
#      XORCY                       : 29
# FlipFlops/Latches                : 41
#      FDC                         : 13
#      FDCE                        : 11
#      FDE                         : 3
#      FDR                         : 14
# RAMS                             : 22
#      RAMB16                      : 22
# Clock Buffers                    : 1
#      BUFG                        : 1
# IO Buffers                       : 29
#      IBUF                        : 2
#      IBUFG                       : 1
#      OBUF                        : 26
# DCMs                             : 1
#      DCM                         : 1
=========================================================================

Device utilization summary:
---------------------------

Selected Device : 3s1500fg320-5 

 Number of Slices:                      121  out of  13312     0%  
 Number of Slice Flip Flops:             41  out of  26624     0%  
 Number of 4 input LUTs:                226  out of  26624     0%  
 Number of IOs:                          29
 Number of bonded IOBs:                  29  out of    221    13%  
 Number of BRAMs:                        22  out of     32    68%  
 Number of GCLKs:                         1  out of      8    12%  
 Number of DCMs:                          1  out of      4    25%  

---------------------------
Partition Resource Summary:
---------------------------

  No Partitions were found in this design.

---------------------------


=========================================================================
TIMING REPORT

NOTE: THESE TIMING NUMBERS ARE ONLY A SYNTHESIS ESTIMATE.
      FOR ACCURATE TIMING INFORMATION PLEASE REFER TO THE TRACE REPORT
      GENERATED AFTER PLACE-and-ROUTE.

Clock Information:
------------------
-----------------------------------+---------------------------------------------------------------------------------------------------------------------------------------------------------------------------------------------------------------------------------------------+-------+
Clock Signal                       | Clock buffer(FF name)                                                                                                                                                                                                                       | Load  |
-----------------------------------+---------------------------------------------------------------------------------------------------------------------------------------------------------------------------------------------------------------------------------------------+-------+
clk                                | XLXI_2/DCM_INST:CLK0                                                                                                                                                                                                                        | 63    |
XLXI_3/N1                          | NONE(XLXI_3/U0/xst_blk_mem_generator/gnativebmg.native_blk_mem_gen/valid.cstr/ramloop[21].ram.r/s3_init.ram/dpram.dp9x9.ram/U0/xst_blk_mem_generator/gnativebmg.native_blk_mem_gen/valid.cstr/ramloop[21].ram.r/s3_init.ram/dpram.dp9x9.ram)| 22    |
-----------------------------------+---------------------------------------------------------------------------------------------------------------------------------------------------------------------------------------------------------------------------------------------+-------+
INFO:Xst:2169 - HDL ADVISOR - Some clock signals were not automatically buffered by XST with BUFG/BUFR resources. Please use the buffer_type constraint in order to insert these buffers to the clock signals to help prevent skew problems.

Asynchronous Control Signals Information:
----------------------------------------
---------------------------------------------+------------------------+-------+
Control Signal                               | Buffer(FF name)        | Load  |
---------------------------------------------+------------------------+-------+
XLXI_1/rstNeg_inv(XLXI_1/rstNeg_inv1_INV_0:O)| NONE(XLXI_1/hsync)     | 24    |
---------------------------------------------+------------------------+-------+

Timing Summary:
---------------
Speed Grade: -5

   Minimum period: 6.836ns (Maximum Frequency: 146.281MHz)
   Minimum input arrival time before clock: No path found
   Maximum output required time after clock: 13.759ns
   Maximum combinational path delay: No path found

Timing Detail:
--------------
All values displayed in nanoseconds (ns)

=========================================================================
Timing constraint: Default period analysis for Clock 'clk'
  Clock period: 6.836ns (frequency: 146.281MHz)
  Total number of paths / destination ports: 1887 / 342
-------------------------------------------------------------------------
Delay:               6.836ns (Levels of Logic = 10)
  Source:            XLXI_1/x_cnt_4 (FF)
  Destination:       XLXI_1/addr_13 (FF)
  Source Clock:      clk rising
  Destination Clock: clk rising

  Data Path: XLXI_1/x_cnt_4 to XLXI_1/addr_13
                                Gate     Net
    Cell:in->out      fanout   Delay   Delay  Logical Name (Net Name)
    ----------------------------------------  ------------
     FDC:C->Q             20   0.626   1.372  XLXI_1/x_cnt_4 (XLXI_1/x_cnt_4)
     LUT3_D:I2->O          6   0.479   0.876  XLXI_1/Msub_addr_sub0001_xor<9>1211 (XLXI_1/N28)
     LUT4:I3->O            1   0.479   0.851  XLXI_1/Msub_addr_sub0001_xor<7>11 (XLXI_1/addr_sub0001<7>)
     LUT2:I1->O            1   0.479   0.000  XLXI_1/Madd_addr_add0000_lut<7> (XLXI_1/Madd_addr_add0000_lut<7>)
     MUXCY:S->O            1   0.435   0.000  XLXI_1/Madd_addr_add0000_cy<7> (XLXI_1/Madd_addr_add0000_cy<7>)
     MUXCY:CI->O           1   0.056   0.000  XLXI_1/Madd_addr_add0000_cy<8> (XLXI_1/Madd_addr_add0000_cy<8>)
     MUXCY:CI->O           1   0.056   0.000  XLXI_1/Madd_addr_add0000_cy<9> (XLXI_1/Madd_addr_add0000_cy<9>)
     MUXCY:CI->O           1   0.056   0.000  XLXI_1/Madd_addr_add0000_cy<10> (XLXI_1/Madd_addr_add0000_cy<10>)
     MUXCY:CI->O           1   0.056   0.000  XLXI_1/Madd_addr_add0000_cy<11> (XLXI_1/Madd_addr_add0000_cy<11>)
     MUXCY:CI->O           0   0.056   0.000  XLXI_1/Madd_addr_add0000_cy<12> (XLXI_1/Madd_addr_add0000_cy<12>)
     XORCY:CI->O           1   0.786   0.000  XLXI_1/Madd_addr_add0000_xor<13> (XLXI_1/addr_add0000<13>)
     FDR:D                     0.176          XLXI_1/addr_13
    ----------------------------------------
    Total                      6.836ns (3.738ns logic, 3.099ns route)
                                       (54.7% logic, 45.3% route)

=========================================================================
Timing constraint: Default OFFSET OUT AFTER for Clock 'clk'
  Total number of paths / destination ports: 1112 / 26
-------------------------------------------------------------------------
Offset:              13.759ns (Levels of Logic = 6)
  Source:            XLXI_1/y_cnt_5 (FF)
  Destination:       blue<7> (PAD)
  Source Clock:      clk rising

  Data Path: XLXI_1/y_cnt_5 to blue<7>
                                Gate     Net
    Cell:in->out      fanout   Delay   Delay  Logical Name (Net Name)
    ----------------------------------------  ------------
     FDCE:C->Q            11   0.626   1.267  XLXI_1/y_cnt_5 (XLXI_1/y_cnt_5)
     LUT3:I0->O            1   0.479   0.704  XLXI_1/blue<0>230 (XLXI_1/blue<0>230)
     LUT4:I3->O            1   0.479   0.740  XLXI_1/blue<0>269_SW0 (N27)
     LUT4:I2->O            1   0.479   0.740  XLXI_1/blue<0>269 (XLXI_1/blue<0>269)
     LUT4:I2->O           24   0.479   1.697  XLXI_1/blue<0>2102 (XLXI_1/N12)
     LUT2:I1->O            1   0.479   0.681  XLXI_1/red<7>1 (red_7_OBUF)
     OBUF:I->O                 4.909          red_7_OBUF (red<7>)
    ----------------------------------------
    Total                     13.759ns (7.930ns logic, 5.829ns route)
                                       (57.6% logic, 42.4% route)

=========================================================================


Total REAL time to Xst completion: 9.00 secs
Total CPU time to Xst completion: 9.41 secs
 
--> 

Total memory usage is 239876 kilobytes

Number of errors   :    0 (   0 filtered)
Number of warnings :    1 (   0 filtered)
Number of infos    :   23 (   0 filtered)

